2023/04/03 16:31:58 [notice] 1#1: using the "epoll" event method
2023/04/03 16:31:58 [notice] 1#1: nginx/1.20.2
2023/04/03 16:31:58 [notice] 1#1: built by gcc 10.2.1 20210110 (Debian 10.2.1-6) 
2023/04/03 16:31:58 [notice] 1#1: OS: Linux 5.19.0-38-generic
2023/04/03 16:31:58 [notice] 1#1: getrlimit(RLIMIT_NOFILE): 1048576:1048576
2023/04/03 16:31:58 [notice] 1#1: start worker processes
2023/04/03 16:31:58 [notice] 1#1: start worker process 30
2023/04/03 16:31:58 [notice] 1#1: start worker process 31
2023/04/03 16:31:58 [notice] 1#1: start worker process 32
2023/04/03 16:31:58 [notice] 1#1: start worker process 33
2023/04/03 16:44:55 [notice] 1#1: signal 3 (SIGQUIT) received, shutting down
2023/04/03 16:44:55 [notice] 30#30: gracefully shutting down
2023/04/03 16:44:55 [notice] 30#30: exiting
2023/04/03 16:44:55 [notice] 33#33: gracefully shutting down
2023/04/03 16:44:55 [notice] 31#31: gracefully shutting down
2023/04/03 16:44:55 [notice] 33#33: exiting
2023/04/03 16:44:55 [notice] 31#31: exiting
2023/04/03 16:44:55 [notice] 30#30: exit
2023/04/03 16:44:55 [notice] 31#31: exit
2023/04/03 16:44:55 [notice] 33#33: exit
2023/04/03 16:44:55 [notice] 32#32: gracefully shutting down
2023/04/03 16:44:55 [notice] 32#32: exiting
2023/04/03 16:44:55 [notice] 32#32: exit
2023/04/03 16:44:55 [notice] 1#1: signal 17 (SIGCHLD) received from 31
2023/04/03 16:44:55 [notice] 1#1: worker process 31 exited with code 0
2023/04/03 16:44:55 [notice] 1#1: worker process 33 exited with code 0
2023/04/03 16:44:55 [notice] 1#1: signal 29 (SIGIO) received
2023/04/03 16:44:55 [notice] 1#1: signal 17 (SIGCHLD) received from 33
2023/04/03 16:44:55 [notice] 1#1: signal 17 (SIGCHLD) received from 32
2023/04/03 16:44:55 [notice] 1#1: worker process 30 exited with code 0
2023/04/03 16:44:55 [notice] 1#1: worker process 32 exited with code 0
2023/04/03 16:44:55 [notice] 1#1: exit
2023/04/03 16:52:28 [notice] 1#1: using the "epoll" event method
2023/04/03 16:52:28 [notice] 1#1: nginx/1.20.2
2023/04/03 16:52:28 [notice] 1#1: built by gcc 10.2.1 20210110 (Debian 10.2.1-6) 
2023/04/03 16:52:28 [notice] 1#1: OS: Linux 5.19.0-38-generic
2023/04/03 16:52:28 [notice] 1#1: getrlimit(RLIMIT_NOFILE): 1048576:1048576
2023/04/03 16:52:28 [notice] 1#1: start worker processes
2023/04/03 16:52:28 [notice] 1#1: start worker process 30
2023/04/03 16:52:28 [notice] 1#1: start worker process 31
2023/04/03 16:52:28 [notice] 1#1: start worker process 32
2023/04/03 16:52:28 [notice] 1#1: start worker process 33
2023/04/03 17:25:02 [notice] 1#1: signal 3 (SIGQUIT) received, shutting down
2023/04/03 17:25:02 [notice] 32#32: gracefully shutting down
2023/04/03 17:25:02 [notice] 31#31: gracefully shutting down
2023/04/03 17:25:02 [notice] 33#33: gracefully shutting down
2023/04/03 17:25:02 [notice] 32#32: exiting
2023/04/03 17:25:02 [notice] 31#31: exiting
2023/04/03 17:25:02 [notice] 33#33: exiting
2023/04/03 17:25:02 [notice] 33#33: exit
2023/04/03 17:25:02 [notice] 32#32: exit
2023/04/03 17:25:02 [notice] 31#31: exit
2023/04/03 17:25:02 [notice] 30#30: gracefully shutting down
2023/04/03 17:25:02 [notice] 30#30: exiting
2023/04/03 17:25:02 [notice] 30#30: exit
2023/04/03 17:25:02 [notice] 1#1: signal 17 (SIGCHLD) received from 32
2023/04/03 17:25:02 [notice] 1#1: worker process 32 exited with code 0
2023/04/03 17:25:02 [notice] 1#1: signal 29 (SIGIO) received
2023/04/03 17:25:02 [notice] 1#1: signal 17 (SIGCHLD) received from 31
2023/04/03 17:25:02 [notice] 1#1: worker process 31 exited with code 0
2023/04/03 17:25:02 [notice] 1#1: worker process 33 exited with code 0
2023/04/03 17:25:02 [notice] 1#1: signal 29 (SIGIO) received
2023/04/03 17:25:02 [notice] 1#1: signal 17 (SIGCHLD) received from 33
2023/04/03 17:25:02 [notice] 1#1: signal 17 (SIGCHLD) received from 30
2023/04/03 17:25:02 [notice] 1#1: worker process 30 exited with code 0
2023/04/03 17:25:02 [notice] 1#1: exit
2023/04/03 17:39:35 [notice] 1#1: using the "epoll" event method
2023/04/03 17:39:35 [notice] 1#1: nginx/1.20.2
2023/04/03 17:39:35 [notice] 1#1: built by gcc 10.2.1 20210110 (Debian 10.2.1-6) 
2023/04/03 17:39:35 [notice] 1#1: OS: Linux 5.19.0-38-generic
2023/04/03 17:39:35 [notice] 1#1: getrlimit(RLIMIT_NOFILE): 1048576:1048576
2023/04/03 17:39:35 [notice] 1#1: start worker processes
2023/04/03 17:39:35 [notice] 1#1: start worker process 30
2023/04/03 17:39:35 [notice] 1#1: start worker process 31
2023/04/03 17:39:35 [notice] 1#1: start worker process 32
2023/04/03 17:39:35 [notice] 1#1: start worker process 33
2023/04/03 17:42:58 [notice] 1#1: signal 3 (SIGQUIT) received, shutting down
2023/04/03 17:42:58 [notice] 30#30: gracefully shutting down
2023/04/03 17:42:58 [notice] 30#30: exiting
2023/04/03 17:42:58 [notice] 30#30: exit
2023/04/03 17:42:58 [notice] 32#32: gracefully shutting down
2023/04/03 17:42:58 [notice] 32#32: exiting
2023/04/03 17:42:58 [notice] 32#32: exit
2023/04/03 17:42:58 [notice] 31#31: gracefully shutting down
2023/04/03 17:42:58 [notice] 33#33: gracefully shutting down
2023/04/03 17:42:58 [notice] 33#33: exiting
2023/04/03 17:42:58 [notice] 33#33: exit
2023/04/03 17:42:58 [notice] 1#1: signal 17 (SIGCHLD) received from 30
2023/04/03 17:42:58 [notice] 1#1: worker process 30 exited with code 0
2023/04/03 17:42:58 [notice] 1#1: worker process 33 exited with code 0
2023/04/03 17:42:58 [notice] 1#1: signal 29 (SIGIO) received
2023/04/03 17:42:58 [notice] 1#1: signal 17 (SIGCHLD) received from 32
2023/04/03 17:42:58 [notice] 1#1: worker process 32 exited with code 0
2023/04/03 17:42:58 [notice] 1#1: signal 29 (SIGIO) received
2023/04/03 17:42:58 [notice] 31#31: exiting
2023/04/03 17:42:58 [notice] 31#31: exit
2023/04/03 17:42:58 [notice] 1#1: signal 17 (SIGCHLD) received from 31
2023/04/03 17:42:58 [notice] 1#1: worker process 31 exited with code 0
2023/04/03 17:42:58 [notice] 1#1: exit
2023/04/03 17:43:10 [notice] 1#1: using the "epoll" event method
2023/04/03 17:43:10 [notice] 1#1: nginx/1.20.2
2023/04/03 17:43:10 [notice] 1#1: built by gcc 10.2.1 20210110 (Debian 10.2.1-6) 
2023/04/03 17:43:10 [notice] 1#1: OS: Linux 5.19.0-38-generic
2023/04/03 17:43:10 [notice] 1#1: getrlimit(RLIMIT_NOFILE): 1048576:1048576
2023/04/03 17:43:10 [notice] 1#1: start worker processes
2023/04/03 17:43:10 [notice] 1#1: start worker process 30
2023/04/03 17:43:10 [notice] 1#1: start worker process 31
2023/04/03 17:43:10 [notice] 1#1: start worker process 32
2023/04/03 17:43:10 [notice] 1#1: start worker process 33
2023/04/03 17:52:15 [notice] 1#1: signal 3 (SIGQUIT) received, shutting down
2023/04/03 17:52:15 [notice] 30#30: gracefully shutting down
2023/04/03 17:52:15 [notice] 31#31: gracefully shutting down
2023/04/03 17:52:15 [notice] 31#31: exiting
2023/04/03 17:52:15 [notice] 31#31: exit
2023/04/03 17:52:15 [notice] 32#32: gracefully shutting down
2023/04/03 17:52:15 [notice] 32#32: exiting
2023/04/03 17:52:15 [notice] 32#32: exit
2023/04/03 17:52:15 [notice] 33#33: gracefully shutting down
2023/04/03 17:52:15 [notice] 33#33: exiting
2023/04/03 17:52:15 [notice] 33#33: exit
2023/04/03 17:52:15 [notice] 1#1: signal 17 (SIGCHLD) received from 32
2023/04/03 17:52:15 [notice] 1#1: worker process 32 exited with code 0
2023/04/03 17:52:15 [notice] 1#1: worker process 31 exited with code 0
2023/04/03 17:52:15 [notice] 1#1: signal 29 (SIGIO) received
2023/04/03 17:52:15 [notice] 1#1: signal 17 (SIGCHLD) received from 31
2023/04/03 17:52:15 [notice] 1#1: signal 17 (SIGCHLD) received from 33
2023/04/03 17:52:15 [notice] 1#1: worker process 33 exited with code 0
2023/04/03 17:52:15 [notice] 1#1: signal 29 (SIGIO) received
2023/04/03 17:52:15 [notice] 30#30: exiting
2023/04/03 17:52:15 [notice] 30#30: exit
2023/04/03 17:52:15 [notice] 1#1: signal 17 (SIGCHLD) received from 30
2023/04/03 17:52:15 [notice] 1#1: worker process 30 exited with code 0
2023/04/03 17:52:15 [notice] 1#1: exit
2023/04/03 17:52:39 [notice] 1#1: using the "epoll" event method
2023/04/03 17:52:39 [notice] 1#1: nginx/1.20.2
2023/04/03 17:52:39 [notice] 1#1: built by gcc 10.2.1 20210110 (Debian 10.2.1-6) 
2023/04/03 17:52:39 [notice] 1#1: OS: Linux 5.19.0-38-generic
2023/04/03 17:52:39 [notice] 1#1: getrlimit(RLIMIT_NOFILE): 1048576:1048576
2023/04/03 17:52:39 [notice] 1#1: start worker processes
2023/04/03 17:52:39 [notice] 1#1: start worker process 29
2023/04/03 17:52:39 [notice] 1#1: start worker process 30
2023/04/03 17:52:39 [notice] 1#1: start worker process 31
2023/04/03 17:52:39 [notice] 1#1: start worker process 32
2023/04/03 18:26:11 [notice] 1#1: signal 3 (SIGQUIT) received, shutting down
2023/04/03 18:26:11 [notice] 32#32: gracefully shutting down
2023/04/03 18:26:11 [notice] 29#29: gracefully shutting down
2023/04/03 18:26:11 [notice] 32#32: exiting
2023/04/03 18:26:11 [notice] 29#29: exiting
2023/04/03 18:26:11 [notice] 32#32: exit
2023/04/03 18:26:11 [notice] 31#31: gracefully shutting down
2023/04/03 18:26:11 [notice] 29#29: exit
2023/04/03 18:26:11 [notice] 31#31: exiting
2023/04/03 18:26:11 [notice] 31#31: exit
2023/04/03 18:26:11 [notice] 30#30: gracefully shutting down
2023/04/03 18:26:11 [notice] 30#30: exiting
2023/04/03 18:26:11 [notice] 30#30: exit
2023/04/03 18:26:11 [notice] 1#1: signal 17 (SIGCHLD) received from 30
2023/04/03 18:26:11 [notice] 1#1: worker process 29 exited with code 0
2023/04/03 18:26:11 [notice] 1#1: worker process 30 exited with code 0
2023/04/03 18:26:11 [notice] 1#1: worker process 31 exited with code 0
2023/04/03 18:26:11 [notice] 1#1: signal 29 (SIGIO) received
2023/04/03 18:26:11 [notice] 1#1: signal 17 (SIGCHLD) received from 32
2023/04/03 18:26:11 [notice] 1#1: worker process 32 exited with code 0
2023/04/03 18:26:11 [notice] 1#1: exit
2023/04/03 18:26:51 [notice] 1#1: using the "epoll" event method
2023/04/03 18:26:51 [notice] 1#1: nginx/1.20.2
2023/04/03 18:26:51 [notice] 1#1: built by gcc 10.2.1 20210110 (Debian 10.2.1-6) 
2023/04/03 18:26:51 [notice] 1#1: OS: Linux 5.19.0-38-generic
2023/04/03 18:26:51 [notice] 1#1: getrlimit(RLIMIT_NOFILE): 1048576:1048576
2023/04/03 18:26:51 [notice] 1#1: start worker processes
2023/04/03 18:26:51 [notice] 1#1: start worker process 29
2023/04/03 18:26:51 [notice] 1#1: start worker process 30
2023/04/03 18:26:51 [notice] 1#1: start worker process 31
2023/04/03 18:26:51 [notice] 1#1: start worker process 32
2023/04/03 18:29:53 [notice] 1#1: signal 3 (SIGQUIT) received, shutting down
2023/04/03 18:29:53 [notice] 30#30: gracefully shutting down
2023/04/03 18:29:53 [notice] 30#30: exiting
2023/04/03 18:29:53 [notice] 30#30: exit
2023/04/03 18:29:53 [notice] 29#29: gracefully shutting down
2023/04/03 18:29:53 [notice] 29#29: exiting
2023/04/03 18:29:53 [notice] 29#29: exit
2023/04/03 18:29:53 [notice] 31#31: gracefully shutting down
2023/04/03 18:29:53 [notice] 31#31: exiting
2023/04/03 18:29:53 [notice] 31#31: exit
2023/04/03 18:29:53 [notice] 32#32: gracefully shutting down
2023/04/03 18:29:53 [notice] 32#32: exiting
2023/04/03 18:29:53 [notice] 32#32: exit
2023/04/03 18:29:53 [notice] 1#1: signal 17 (SIGCHLD) received from 29
2023/04/03 18:29:53 [notice] 1#1: worker process 29 exited with code 0
2023/04/03 18:29:53 [notice] 1#1: signal 29 (SIGIO) received
2023/04/03 18:29:53 [notice] 1#1: signal 17 (SIGCHLD) received from 30
2023/04/03 18:29:53 [notice] 1#1: worker process 30 exited with code 0
2023/04/03 18:29:53 [notice] 1#1: signal 29 (SIGIO) received
2023/04/03 18:29:53 [notice] 1#1: signal 17 (SIGCHLD) received from 31
2023/04/03 18:29:53 [notice] 1#1: worker process 31 exited with code 0
2023/04/03 18:29:53 [notice] 1#1: signal 29 (SIGIO) received
2023/04/03 18:29:53 [notice] 1#1: signal 17 (SIGCHLD) received from 32
2023/04/03 18:29:53 [notice] 1#1: worker process 32 exited with code 0
2023/04/03 18:29:53 [notice] 1#1: exit
2023/04/03 18:30:07 [notice] 1#1: using the "epoll" event method
2023/04/03 18:30:07 [notice] 1#1: nginx/1.20.2
2023/04/03 18:30:07 [notice] 1#1: built by gcc 10.2.1 20210110 (Debian 10.2.1-6) 
2023/04/03 18:30:07 [notice] 1#1: OS: Linux 5.19.0-38-generic
2023/04/03 18:30:07 [notice] 1#1: getrlimit(RLIMIT_NOFILE): 1048576:1048576
2023/04/03 18:30:07 [notice] 1#1: start worker processes
2023/04/03 18:30:07 [notice] 1#1: start worker process 30
2023/04/03 18:30:07 [notice] 1#1: start worker process 31
2023/04/03 18:30:07 [notice] 1#1: start worker process 32
2023/04/03 18:30:07 [notice] 1#1: start worker process 33
2023/04/03 18:32:36 [notice] 1#1: signal 3 (SIGQUIT) received, shutting down
2023/04/03 18:32:36 [notice] 30#30: gracefully shutting down
2023/04/03 18:32:36 [notice] 31#31: gracefully shutting down
2023/04/03 18:32:36 [notice] 32#32: gracefully shutting down
2023/04/03 18:32:36 [notice] 30#30: exiting
2023/04/03 18:32:36 [notice] 31#31: exiting
2023/04/03 18:32:36 [notice] 32#32: exiting
2023/04/03 18:32:36 [notice] 30#30: exit
2023/04/03 18:32:36 [notice] 32#32: exit
2023/04/03 18:32:36 [notice] 31#31: exit
2023/04/03 18:32:36 [notice] 33#33: gracefully shutting down
2023/04/03 18:32:36 [notice] 33#33: exiting
2023/04/03 18:32:36 [notice] 33#33: exit
2023/04/03 18:32:36 [notice] 1#1: signal 17 (SIGCHLD) received from 30
2023/04/03 18:32:36 [notice] 1#1: worker process 30 exited with code 0
2023/04/03 18:32:36 [notice] 1#1: worker process 32 exited with code 0
2023/04/03 18:32:36 [notice] 1#1: signal 29 (SIGIO) received
2023/04/03 18:32:36 [notice] 1#1: signal 17 (SIGCHLD) received from 32
2023/04/03 18:32:36 [notice] 1#1: signal 17 (SIGCHLD) received from 33
2023/04/03 18:32:36 [notice] 1#1: worker process 33 exited with code 0
2023/04/03 18:32:36 [notice] 1#1: signal 29 (SIGIO) received
2023/04/03 18:32:36 [notice] 1#1: signal 17 (SIGCHLD) received from 31
2023/04/03 18:32:36 [notice] 1#1: worker process 31 exited with code 0
2023/04/03 18:32:36 [notice] 1#1: exit
2023/04/16 15:43:06 [notice] 1#1: using the "epoll" event method
2023/04/16 15:43:06 [notice] 1#1: nginx/1.24.0
2023/04/16 15:43:06 [notice] 1#1: built by gcc 12.2.1 20220924 (Alpine 12.2.1_git20220924-r4) 
2023/04/16 15:43:06 [notice] 1#1: OS: Linux 5.19.0-38-generic
2023/04/16 15:43:06 [notice] 1#1: getrlimit(RLIMIT_NOFILE): 1048576:1048576
2023/04/16 15:43:06 [notice] 1#1: start worker processes
2023/04/16 15:43:06 [notice] 1#1: start worker process 28
2023/04/16 15:43:06 [notice] 1#1: start worker process 29
2023/04/16 15:43:06 [notice] 1#1: start worker process 30
2023/04/16 15:43:06 [notice] 1#1: start worker process 31
2023/04/16 16:08:44 [notice] 1#1: using the "epoll" event method
2023/04/16 16:08:44 [notice] 1#1: nginx/1.20.2
2023/04/16 16:08:44 [notice] 1#1: built by gcc 10.2.1 20210110 (Debian 10.2.1-6) 
2023/04/16 16:08:44 [notice] 1#1: OS: Linux 5.19.0-38-generic
2023/04/16 16:08:44 [notice] 1#1: getrlimit(RLIMIT_NOFILE): 1048576:1048576
2023/04/16 16:08:44 [notice] 1#1: start worker processes
2023/04/16 16:08:44 [notice] 1#1: start worker process 30
2023/04/16 16:08:44 [notice] 1#1: start worker process 31
2023/04/16 16:08:44 [notice] 1#1: start worker process 32
2023/04/16 16:08:44 [notice] 1#1: start worker process 33
2023/04/16 16:26:28 [notice] 1#1: signal 3 (SIGQUIT) received, shutting down
2023/04/16 16:26:28 [notice] 31#31: gracefully shutting down
2023/04/16 16:26:28 [notice] 31#31: exiting
2023/04/16 16:26:28 [notice] 31#31: exit
2023/04/16 16:26:28 [notice] 32#32: gracefully shutting down
2023/04/16 16:26:28 [notice] 32#32: exiting
2023/04/16 16:26:28 [notice] 32#32: exit
2023/04/16 16:26:28 [notice] 33#33: gracefully shutting down
2023/04/16 16:26:28 [notice] 33#33: exiting
2023/04/16 16:26:28 [notice] 33#33: exit
2023/04/16 16:26:28 [notice] 30#30: gracefully shutting down
2023/04/16 16:26:28 [notice] 30#30: exiting
2023/04/16 16:26:28 [notice] 30#30: exit
2023/04/16 16:26:28 [notice] 1#1: signal 17 (SIGCHLD) received from 33
2023/04/16 16:26:28 [notice] 1#1: worker process 33 exited with code 0
2023/04/16 16:26:28 [notice] 1#1: signal 29 (SIGIO) received
2023/04/16 16:26:28 [notice] 1#1: signal 17 (SIGCHLD) received from 32
2023/04/16 16:26:28 [notice] 1#1: worker process 32 exited with code 0
2023/04/16 16:26:28 [notice] 1#1: signal 29 (SIGIO) received
2023/04/16 16:26:28 [notice] 1#1: signal 17 (SIGCHLD) received from 31
2023/04/16 16:26:28 [notice] 1#1: worker process 31 exited with code 0
2023/04/16 16:26:28 [notice] 1#1: signal 29 (SIGIO) received
2023/04/16 16:26:28 [notice] 1#1: signal 17 (SIGCHLD) received from 30
2023/04/16 16:26:28 [notice] 1#1: worker process 30 exited with code 0
2023/04/16 16:26:28 [notice] 1#1: exit
2023/04/16 16:26:30 [notice] 1#1: using the "epoll" event method
2023/04/16 16:26:30 [notice] 1#1: nginx/1.20.2
2023/04/16 16:26:30 [notice] 1#1: built by gcc 10.2.1 20210110 (Debian 10.2.1-6) 
2023/04/16 16:26:30 [notice] 1#1: OS: Linux 5.19.0-38-generic
2023/04/16 16:26:30 [notice] 1#1: getrlimit(RLIMIT_NOFILE): 1048576:1048576
2023/04/16 16:26:30 [notice] 1#1: start worker processes
2023/04/16 16:26:30 [notice] 1#1: start worker process 29
2023/04/16 16:26:30 [notice] 1#1: start worker process 30
2023/04/16 16:26:30 [notice] 1#1: start worker process 31
2023/04/16 16:26:30 [notice] 1#1: start worker process 32
2023/04/16 16:41:51 [notice] 1#1: using the "epoll" event method
2023/04/16 16:41:51 [notice] 1#1: nginx/1.23.4
2023/04/16 16:41:51 [notice] 1#1: built by gcc 10.2.1 20210110 (Debian 10.2.1-6) 
2023/04/16 16:41:51 [notice] 1#1: OS: Linux 5.19.0-38-generic
2023/04/16 16:41:51 [notice] 1#1: getrlimit(RLIMIT_NOFILE): 1048576:1048576
2023/04/16 16:41:51 [notice] 1#1: start worker processes
2023/04/16 16:41:51 [notice] 1#1: start worker process 28
2023/04/16 16:41:51 [notice] 1#1: start worker process 29
2023/04/16 16:41:51 [notice] 1#1: start worker process 30
2023/04/16 16:41:51 [notice] 1#1: start worker process 31
2023/04/16 17:11:19 [notice] 1#1: signal 3 (SIGQUIT) received, shutting down
2023/04/16 17:11:19 [notice] 29#29: gracefully shutting down
2023/04/16 17:11:19 [notice] 30#30: gracefully shutting down
2023/04/16 17:11:19 [notice] 29#29: exiting
2023/04/16 17:11:19 [notice] 30#30: exiting
2023/04/16 17:11:19 [notice] 29#29: exit
2023/04/16 17:11:19 [notice] 30#30: exit
2023/04/16 17:11:19 [notice] 31#31: gracefully shutting down
2023/04/16 17:11:19 [notice] 31#31: exiting
2023/04/16 17:11:19 [notice] 31#31: exit
2023/04/16 17:11:19 [notice] 28#28: gracefully shutting down
2023/04/16 17:11:19 [notice] 28#28: exiting
2023/04/16 17:11:19 [notice] 28#28: exit
2023/04/16 17:11:19 [notice] 1#1: signal 17 (SIGCHLD) received from 30
2023/04/16 17:11:19 [notice] 1#1: worker process 30 exited with code 0
2023/04/16 17:11:19 [notice] 1#1: signal 29 (SIGIO) received
2023/04/16 17:11:19 [notice] 1#1: signal 17 (SIGCHLD) received from 31
2023/04/16 17:11:19 [notice] 1#1: worker process 29 exited with code 0
2023/04/16 17:11:19 [notice] 1#1: worker process 31 exited with code 0
2023/04/16 17:11:19 [notice] 1#1: signal 29 (SIGIO) received
2023/04/16 17:11:19 [notice] 1#1: signal 17 (SIGCHLD) received from 28
2023/04/16 17:11:19 [notice] 1#1: worker process 28 exited with code 0
2023/04/16 17:11:19 [notice] 1#1: exit
2023/04/16 17:11:21 [notice] 1#1: using the "epoll" event method
2023/04/16 17:11:21 [notice] 1#1: nginx/1.23.4
2023/04/16 17:11:21 [notice] 1#1: built by gcc 10.2.1 20210110 (Debian 10.2.1-6) 
2023/04/16 17:11:21 [notice] 1#1: OS: Linux 5.19.0-38-generic
2023/04/16 17:11:21 [notice] 1#1: getrlimit(RLIMIT_NOFILE): 1048576:1048576
2023/04/16 17:11:21 [notice] 1#1: start worker processes
2023/04/16 17:11:21 [notice] 1#1: start worker process 28
2023/04/16 17:11:21 [notice] 1#1: start worker process 29
2023/04/16 17:11:21 [notice] 1#1: start worker process 30
2023/04/16 17:11:21 [notice] 1#1: start worker process 31
